<?xml version="1.0" encoding="UTF-8"?>
<testng-results ignored="0" total="2" passed="2" failed="0" skipped="0">
  <reporter-output>
  </reporter-output>
  <suite started-at="2022-10-07T12:13:39 IST" name="CrossPlatformSuite" finished-at="2022-10-07T12:14:26 IST" duration-ms="47305">
    <groups>
    </groups>
    <test started-at="2022-10-07T12:13:39 IST" name="EmulatorTest" finished-at="2022-10-07T12:14:16 IST" duration-ms="36852">
      <class name="org.flipkart.addtocart.InsertProductToCart">
        <test-method is-config="true" signature="suiteSetUp()[pri:0, instance:org.flipkart.addtocart.InsertProductToCart@1a4927d6]" started-at="2022-10-07T12:13:38 IST" name="suiteSetUp" finished-at="2022-10-07T12:13:39 IST" duration-ms="177" status="PASS">
          <reporter-output>
          </reporter-output>
        </test-method> <!-- suiteSetUp -->
        <test-method is-config="true" signature="classSetUp()[pri:0, instance:org.flipkart.addtocart.InsertProductToCart@1a4927d6]" started-at="2022-10-07T12:13:40 IST" name="classSetUp" finished-at="2022-10-07T12:13:40 IST" duration-ms="1" status="PASS">
          <reporter-output>
          </reporter-output>
        </test-method> <!-- classSetUp -->
        <test-method is-config="true" signature="methodSetUp(java.lang.String,java.lang.String,java.lang.String,java.lang.String,java.lang.String)[pri:0, instance:org.flipkart.addtocart.InsertProductToCart@1a4927d6]" started-at="2022-10-07T12:13:40 IST" name="methodSetUp" finished-at="2022-10-07T12:13:56 IST" duration-ms="15840" status="PASS">
          <params>
            <param index="0">
              <value>
                <![CDATA[x4soukivqw59pnjr]]>
              </value>
            </param>
            <param index="1">
              <value>
                <![CDATA[com.flipkart.android]]>
              </value>
            </param>
            <param index="2">
              <value>
                <![CDATA[com.flipkart.android.activity.HomeFragmentHolderActivity]]>
              </value>
            </param>
            <param index="3">
              <value>
                <![CDATA[12]]>
              </value>
            </param>
            <param index="4">
              <value>
                <![CDATA[http://127.0.0.1:4724/wd/hub]]>
              </value>
            </param>
          </params>
          <reporter-output>
          </reporter-output>
        </test-method> <!-- methodSetUp -->
        <test-method signature="insertProductToCart()[pri:0, instance:org.flipkart.addtocart.InsertProductToCart@1a4927d6]" started-at="2022-10-07T12:13:56 IST" name="insertProductToCart" finished-at="2022-10-07T12:14:15 IST" duration-ms="19625" status="PASS">
          <reporter-output>
          </reporter-output>
        </test-method> <!-- insertProductToCart -->
        <test-method is-config="true" signature="methodTearDown()[pri:0, instance:org.flipkart.addtocart.InsertProductToCart@1a4927d6]" started-at="2022-10-07T12:14:15 IST" name="methodTearDown" finished-at="2022-10-07T12:14:16 IST" duration-ms="334" status="PASS">
          <reporter-output>
          </reporter-output>
        </test-method> <!-- methodTearDown -->
        <test-method is-config="true" signature="classTearDown()[pri:0, instance:org.flipkart.addtocart.InsertProductToCart@1a4927d6]" started-at="2022-10-07T12:14:16 IST" name="classTearDown" finished-at="2022-10-07T12:14:16 IST" duration-ms="1" status="PASS">
          <reporter-output>
          </reporter-output>
        </test-method> <!-- classTearDown -->
        <test-method is-config="true" signature="suiteTearDown()[pri:0, instance:org.flipkart.addtocart.InsertProductToCart@1a4927d6]" started-at="2022-10-07T12:14:26 IST" name="suiteTearDown" finished-at="2022-10-07T12:14:26 IST" duration-ms="0" status="PASS">
          <reporter-output>
          </reporter-output>
        </test-method> <!-- suiteTearDown -->
      </class> <!-- org.flipkart.addtocart.InsertProductToCart -->
    </test> <!-- EmulatorTest -->
    <test started-at="2022-10-07T12:13:39 IST" name="RealDeviceTest" finished-at="2022-10-07T12:14:26 IST" duration-ms="47305">
      <class name="org.flipkart.addtocart.InsertProductToCart">
        <test-method is-config="true" signature="classSetUp()[pri:0, instance:org.flipkart.addtocart.InsertProductToCart@6f01b95f]" started-at="2022-10-07T12:13:40 IST" name="classSetUp" finished-at="2022-10-07T12:13:40 IST" duration-ms="1" status="PASS">
          <reporter-output>
          </reporter-output>
        </test-method> <!-- classSetUp -->
        <test-method is-config="true" signature="methodSetUp(java.lang.String,java.lang.String,java.lang.String,java.lang.String,java.lang.String)[pri:0, instance:org.flipkart.addtocart.InsertProductToCart@6f01b95f]" started-at="2022-10-07T12:13:40 IST" name="methodSetUp" finished-at="2022-10-07T12:13:59 IST" duration-ms="19654" status="PASS">
          <params>
            <param index="0">
              <value>
                <![CDATA[R9ZNC03VN6X]]>
              </value>
            </param>
            <param index="1">
              <value>
                <![CDATA[com.flipkart.android]]>
              </value>
            </param>
            <param index="2">
              <value>
                <![CDATA[com.flipkart.android.activity.HomeFragmentHolderActivity]]>
              </value>
            </param>
            <param index="3">
              <value>
                <![CDATA[12]]>
              </value>
            </param>
            <param index="4">
              <value>
                <![CDATA[http://127.0.0.1:4723/wd/hub]]>
              </value>
            </param>
          </params>
          <reporter-output>
          </reporter-output>
        </test-method> <!-- methodSetUp -->
        <test-method signature="insertProductToCart()[pri:0, instance:org.flipkart.addtocart.InsertProductToCart@6f01b95f]" started-at="2022-10-07T12:13:59 IST" name="insertProductToCart" finished-at="2022-10-07T12:14:26 IST" duration-ms="26226" status="PASS">
          <reporter-output>
          </reporter-output>
        </test-method> <!-- insertProductToCart -->
        <test-method is-config="true" signature="methodTearDown()[pri:0, instance:org.flipkart.addtocart.InsertProductToCart@6f01b95f]" started-at="2022-10-07T12:14:26 IST" name="methodTearDown" finished-at="2022-10-07T12:14:26 IST" duration-ms="383" status="PASS">
          <reporter-output>
          </reporter-output>
        </test-method> <!-- methodTearDown -->
        <test-method is-config="true" signature="classTearDown()[pri:0, instance:org.flipkart.addtocart.InsertProductToCart@6f01b95f]" started-at="2022-10-07T12:14:26 IST" name="classTearDown" finished-at="2022-10-07T12:14:26 IST" duration-ms="0" status="PASS">
          <reporter-output>
          </reporter-output>
        </test-method> <!-- classTearDown -->
      </class> <!-- org.flipkart.addtocart.InsertProductToCart -->
    </test> <!-- RealDeviceTest -->
  </suite> <!-- CrossPlatformSuite -->
</testng-results>
